0 info it worked if it ends with ok
1 verbose cli [ '/usr/local/bin/node',
1 verbose cli   '/usr/local/bin/npm',
1 verbose cli   'install',
1 verbose cli   '-g',
1 verbose cli   'pokeapi' ]
2 info using npm@2.14.7
3 info using node@v4.2.2
4 verbose install initial load of /usr/local/lib/package.json
5 verbose readDependencies loading dependencies from /usr/local/lib/package.json
6 silly cache add args [ 'pokeapi', null ]
7 verbose cache add spec pokeapi
8 silly cache add parsed spec Result {
8 silly cache add   raw: 'pokeapi',
8 silly cache add   scope: null,
8 silly cache add   name: 'pokeapi',
8 silly cache add   rawSpec: '',
8 silly cache add   spec: '*',
8 silly cache add   type: 'range' }
9 silly addNamed pokeapi@*
10 verbose addNamed "*" is a valid semver range for pokeapi
11 silly addNameRange { name: 'pokeapi', range: '*', hasData: false }
12 silly mapToRegistry name pokeapi
13 silly mapToRegistry using default registry
14 silly mapToRegistry registry https://registry.npmjs.org/
15 silly mapToRegistry uri https://registry.npmjs.org/pokeapi
16 verbose addNameRange registry:https://registry.npmjs.org/pokeapi not in flight; fetching
17 verbose request uri https://registry.npmjs.org/pokeapi
18 verbose request no auth needed
19 info attempt registry request try #1 at 5:54:00 PM
20 verbose request id 3b0b38e569420321
21 http request GET https://registry.npmjs.org/pokeapi
22 http 200 https://registry.npmjs.org/pokeapi
23 verbose headers { server: 'CouchDB/1.6.1 (Erlang OTP/R16B03)',
23 verbose headers   etag: '"D5J7DA7F1UZMKHYALP9FLQ2AS"',
23 verbose headers   'content-type': 'application/json',
23 verbose headers   'content-encoding': 'gzip',
23 verbose headers   'cache-control': 'max-age=300',
23 verbose headers   'content-length': '2420',
23 verbose headers   'accept-ranges': 'bytes',
23 verbose headers   date: 'Fri, 22 Jul 2016 21:54:00 GMT',
23 verbose headers   via: '1.1 varnish',
23 verbose headers   age: '0',
23 verbose headers   connection: 'keep-alive',
23 verbose headers   'x-served-by': 'cache-iad2140-IAD',
23 verbose headers   'x-cache': 'MISS',
23 verbose headers   'x-cache-hits': '0',
23 verbose headers   'x-timer': 'S1469224440.835554,VS0,VE22',
23 verbose headers   vary: 'Accept-Encoding' }
24 silly get cb [ 200,
24 silly get   { server: 'CouchDB/1.6.1 (Erlang OTP/R16B03)',
24 silly get     etag: '"D5J7DA7F1UZMKHYALP9FLQ2AS"',
24 silly get     'content-type': 'application/json',
24 silly get     'content-encoding': 'gzip',
24 silly get     'cache-control': 'max-age=300',
24 silly get     'content-length': '2420',
24 silly get     'accept-ranges': 'bytes',
24 silly get     date: 'Fri, 22 Jul 2016 21:54:00 GMT',
24 silly get     via: '1.1 varnish',
24 silly get     age: '0',
24 silly get     connection: 'keep-alive',
24 silly get     'x-served-by': 'cache-iad2140-IAD',
24 silly get     'x-cache': 'MISS',
24 silly get     'x-cache-hits': '0',
24 silly get     'x-timer': 'S1469224440.835554,VS0,VE22',
24 silly get     vary: 'Accept-Encoding' } ]
25 verbose get saving pokeapi to /Users/Stephen/.npm/registry.npmjs.org/pokeapi/.cache.json
26 verbose makeDirectory /Users/Stephen/.npm creation not in flight; initializing
27 silly makeDirectory /Users/Stephen/.npm uid: 501 gid: 20
28 silly addNameRange number 2 { name: 'pokeapi', range: '*', hasData: true }
29 silly addNameRange versions [ 'pokeapi', [ '0.0.1' ] ]
30 silly addNamed pokeapi@0.0.1
31 verbose addNamed "0.0.1" is a plain semver version for pokeapi
32 silly mapToRegistry name pokeapi
33 silly mapToRegistry using default registry
34 silly mapToRegistry registry https://registry.npmjs.org/
35 silly mapToRegistry uri https://registry.npmjs.org/pokeapi
36 verbose addRemoteTarball https://registry.npmjs.org/pokeapi/-/pokeapi-0.0.1.tgz not in flight; adding
37 verbose addRemoteTarball [ 'https://registry.npmjs.org/pokeapi/-/pokeapi-0.0.1.tgz',
37 verbose addRemoteTarball   'b96e92510e721a01124ac40467fa6d0e38d2fbe7' ]
38 info retry fetch attempt 1 at 5:54:00 PM
39 info attempt registry request try #1 at 5:54:00 PM
40 http fetch GET https://registry.npmjs.org/pokeapi/-/pokeapi-0.0.1.tgz
41 http fetch 200 https://registry.npmjs.org/pokeapi/-/pokeapi-0.0.1.tgz
42 silly fetchAndShaCheck shasum b96e92510e721a01124ac40467fa6d0e38d2fbe7
43 verbose addTmpTarball /var/folders/lx/hn1bf1tx48x8rybvh1jnxxtc0000gn/T/npm-7382-99700515/registry.npmjs.org/pokeapi/-/pokeapi-0.0.1.tgz not in flight; adding
44 verbose addTmpTarball already have metadata; skipping unpack for pokeapi@0.0.1
45 silly cache afterAdd pokeapi@0.0.1
46 verbose afterAdd /Users/Stephen/.npm/pokeapi/0.0.1/package/package.json not in flight; writing
47 verbose afterAdd /Users/Stephen/.npm/pokeapi/0.0.1/package/package.json written
48 silly install resolved [ { name: 'pokeapi',
48 silly install resolved     version: '0.0.1',
48 silly install resolved     description: 'A simple client for pokeapi.co',
48 silly install resolved     main: 'index.js',
48 silly install resolved     bin: { pokeapi: './bin/pokeapi' },
48 silly install resolved     scripts: { test: 'mocha -R spec' },
48 silly install resolved     repository: { type: 'git', url: 'https://github.com/fred-o/node-pokeapi' },
48 silly install resolved     keywords: [ 'api', 'rest', 'pokemon' ],
48 silly install resolved     author: { name: 'Fredrik Appelberg' },
48 silly install resolved     license: 'MIT',
48 silly install resolved     bugs: { url: 'https://github.com/fred-o/node-pokeapi/issues' },
48 silly install resolved     homepage: 'https://github.com/fred-o/node-pokeapi',
48 silly install resolved     dependencies: { commander: '^2.7.1', rest: '^1.3.0', when: '^3.7.2' },
48 silly install resolved     devDependencies:
48 silly install resolved      { chai: '^2.1.2',
48 silly install resolved        'chai-as-promised': '^4.3.0',
48 silly install resolved        'coffee-script': '^1.9.1',
48 silly install resolved        del: '^1.1.1',
48 silly install resolved        gulp: '^3.8.11',
48 silly install resolved        'gulp-coffee': '^2.3.1',
48 silly install resolved        'gulp-util': '^3.0.4',
48 silly install resolved        'gulp-watch': '^4.2.0',
48 silly install resolved        mocha: '^2.2.1',
48 silly install resolved        sinon: '^1.14.1',
48 silly install resolved        'sinon-chai': '^2.7.0' },
48 silly install resolved     gitHead: '8b99892be223418944e03142f92ea82e3a2407e3',
48 silly install resolved     _id: 'pokeapi@0.0.1',
48 silly install resolved     _shasum: 'b96e92510e721a01124ac40467fa6d0e38d2fbe7',
48 silly install resolved     _from: 'pokeapi@*',
48 silly install resolved     _npmVersion: '2.1.2',
48 silly install resolved     _nodeVersion: '0.10.32',
48 silly install resolved     _npmUser: { name: 'fred-o', email: 'fredrik.appelberg@gmail.com' },
48 silly install resolved     maintainers: [ [Object] ],
48 silly install resolved     dist:
48 silly install resolved      { shasum: 'b96e92510e721a01124ac40467fa6d0e38d2fbe7',
48 silly install resolved        tarball: 'https://registry.npmjs.org/pokeapi/-/pokeapi-0.0.1.tgz' },
48 silly install resolved     directories: {},
48 silly install resolved     _resolved: 'https://registry.npmjs.org/pokeapi/-/pokeapi-0.0.1.tgz' } ]
49 info install pokeapi@0.0.1 into /usr/local/lib
50 info installOne pokeapi@0.0.1
51 verbose installOne of pokeapi to /usr/local/lib not in flight; installing
52 verbose makeDirectory /Users/Stephen/.npm/_locks creation not in flight; initializing
53 silly makeDirectory /Users/Stephen/.npm/_locks uid: 501 gid: 20
54 verbose lock using /Users/Stephen/.npm/_locks/pokeapi-1883c3d0349312d6.lock for /usr/local/lib/node_modules/pokeapi
55 silly install write writing pokeapi 0.0.1 to /usr/local/lib/node_modules/pokeapi
56 verbose unbuild lib/node_modules/pokeapi
57 silly gentlyRm /usr/local/lib/node_modules/pokeapi is being purged from base /usr/local
58 verbose gentlyRm don't care about contents; nuking /usr/local/lib/node_modules/pokeapi
59 verbose tar unpack /Users/Stephen/.npm/pokeapi/0.0.1/package.tgz
60 verbose tar unpacking to /usr/local/lib/node_modules/pokeapi
61 silly gentlyRm /usr/local/lib/node_modules/pokeapi is being purged
62 verbose gentlyRm don't care about contents; nuking /usr/local/lib/node_modules/pokeapi
63 silly gunzTarPerm modes [ '755', '644' ]
64 error tar.unpack untar error /Users/Stephen/.npm/pokeapi/0.0.1/package.tgz
65 verbose unlock done using /Users/Stephen/.npm/_locks/pokeapi-1883c3d0349312d6.lock for /usr/local/lib/node_modules/pokeapi
66 verbose fstream_path /usr/local/lib/node_modules/pokeapi
67 verbose fstream_type Directory
68 verbose fstream_class DirWriter
69 verbose stack Error: EACCES: permission denied, mkdir '/usr/local/lib/node_modules/pokeapi'
69 verbose stack     at Error (native)
70 verbose fstream_stack /usr/local/lib/node_modules/npm/node_modules/fstream/lib/dir-writer.js:35:25
70 verbose fstream_stack /usr/local/lib/node_modules/npm/node_modules/mkdirp/index.js:47:53
70 verbose fstream_stack FSReqWrap.oncomplete (fs.js:82:15)
71 verbose cwd /Users/Stephen/pokemongo/pgoapi
72 error Darwin 15.0.0
73 error argv "/usr/local/bin/node" "/usr/local/bin/npm" "install" "-g" "pokeapi"
74 error node v4.2.2
75 error npm  v2.14.7
76 error path /usr/local/lib/node_modules/pokeapi
77 error code EACCES
78 error errno -13
79 error syscall mkdir
80 error Error: EACCES: permission denied, mkdir '/usr/local/lib/node_modules/pokeapi'
80 error     at Error (native)
80 error  { [Error: EACCES: permission denied, mkdir '/usr/local/lib/node_modules/pokeapi']
80 error   errno: -13,
80 error   code: 'EACCES',
80 error   syscall: 'mkdir',
80 error   path: '/usr/local/lib/node_modules/pokeapi',
80 error   fstream_type: 'Directory',
80 error   fstream_path: '/usr/local/lib/node_modules/pokeapi',
80 error   fstream_class: 'DirWriter',
80 error   fstream_stack:
80 error    [ '/usr/local/lib/node_modules/npm/node_modules/fstream/lib/dir-writer.js:35:25',
80 error      '/usr/local/lib/node_modules/npm/node_modules/mkdirp/index.js:47:53',
80 error      'FSReqWrap.oncomplete (fs.js:82:15)' ] }
81 error Please try running this command again as root/Administrator.
82 verbose exit [ -13, true ]
83 verbose unbuild lib/node_modules/pokeapi
84 silly gentlyRm /usr/local/lib/node_modules/pokeapi is being purged from base /usr/local
85 verbose gentlyRm don't care about contents; nuking /usr/local/lib/node_modules/pokeapi
